<?xml version="1.0" encoding="UTF-8"?>
<!-- Generated by org.testng.reporters.JUnitReportReporter -->
<testsuite hostname="DESKTOP-01EKQH3" failures="0" tests="1" name="testNg.NewTest" time="0.004" errors="0" timestamp="2022-12-13T22:36:26 IST" skipped="0">
  <testcase classname="testNg.NewTest" name="f" time="0.004"/>
  <system-out/>
</testsuite> <!-- testNg.NewTest -->
